2023-04-28 09:20:45,741 INFO o.h.v.i.u.Version[background-preinit] HV000001: Hibernate Validator 6.2.5.Final
2023-04-28 09:20:45,742 INFO c.h.c.e.CapstoneEmployeeProjectApplication[main] Starting CapstoneEmployeeProjectApplication using Java 17.0.6 on DESKTOP-S9CLLNI with PID 16260 (C:\Users\HPUSER\Downloads\capstone-employee-project\capstone-employee-project\bin\main started by HPUSER in C:\Users\HPUSER\Downloads\capstone-employee-project\capstone-employee-project)
2023-04-28 09:20:45,849 INFO c.h.c.e.CapstoneEmployeeProjectApplication[main] No active profile set, falling back to 1 default profile: "default"
2023-04-28 09:21:09,093 INFO o.s.d.r.c.RepositoryConfigurationDelegate[main] Bootstrapping Spring Data JPA repositories in DEFAULT mode.
2023-04-28 09:21:15,180 INFO o.s.d.r.c.RepositoryConfigurationDelegate[main] Finished Spring Data repository scanning in 5089 ms. Found 1 JPA repository interfaces.
2023-04-28 09:21:42,262 INFO o.s.b.w.e.t.TomcatWebServer[main] Tomcat initialized with port(s): 8953 (https)
2023-04-28 09:21:42,701 INFO o.a.c.h.Http11NioProtocol[main] Initializing ProtocolHandler ["https-jsse-nio-8953"]
2023-04-28 09:21:42,703 INFO o.a.c.c.StandardService[main] Starting service [Tomcat]
2023-04-28 09:21:42,705 INFO o.a.c.c.StandardEngine[main] Starting Servlet engine: [Apache Tomcat/9.0.74]
2023-04-28 09:21:47,253 INFO o.a.c.c.C.[.[.[/][main] Initializing Spring embedded WebApplicationContext
2023-04-28 09:21:47,257 INFO o.s.b.w.s.c.ServletWebServerApplicationContext[main] Root WebApplicationContext: initialization completed in 60106 ms
2023-04-28 09:21:56,469 INFO o.h.j.i.u.LogHelper[main] HHH000204: Processing PersistenceUnitInfo [name: default]
2023-04-28 09:21:58,944 INFO o.h.Version[main] HHH000412: Hibernate ORM core version 5.6.15.Final
2023-04-28 09:22:03,698 INFO o.h.a.c.Version[main] HCANN000001: Hibernate Commons Annotations {5.1.2.Final}
2023-04-28 09:22:04,985 INFO c.z.h.HikariDataSource[main] HikariPool-1 - Starting...
2023-04-28 09:22:12,932 INFO c.z.h.HikariDataSource[main] HikariPool-1 - Start completed.
2023-04-28 09:22:13,454 INFO o.h.d.Dialect[main] HHH000400: Using dialect: org.hibernate.dialect.MySQL8Dialect
2023-04-28 09:22:19,851 INFO o.h.e.t.j.p.i.JtaPlatformInitiator[main] HHH000490: Using JtaPlatform implementation: [org.hibernate.engine.transaction.jta.platform.internal.NoJtaPlatform]
2023-04-28 09:22:19,997 INFO o.s.o.j.LocalContainerEntityManagerFactoryBean[main] Initialized JPA EntityManagerFactory for persistence unit 'default'
2023-04-28 09:22:23,231 WARN o.s.b.a.o.j.JpaBaseConfiguration$JpaWebConfiguration[main] spring.jpa.open-in-view is enabled by default. Therefore, database queries may be performed during view rendering. Explicitly configure spring.jpa.open-in-view to disable this warning
2023-04-28 09:22:24,185 INFO o.a.c.h.Http11NioProtocol[main] Starting ProtocolHandler ["https-jsse-nio-8953"]
2023-04-28 09:22:24,562 INFO o.a.t.u.n.N.certificate[main] Connector [https-jsse-nio-8953], TLS virtual host [_default_], certificate type [UNDEFINED] configured from [file:/C:/Users/HPUSER/Downloads/capstone-employee-project/capstone-employee-project/bin/main/capstoneemployee.jks] using alias [capstone-https] and with trust store [null]
2023-04-28 09:22:24,614 INFO o.s.b.w.e.t.TomcatWebServer[main] Tomcat started on port(s): 8953 (https) with context path ''
2023-04-28 09:22:24,632 INFO c.h.c.e.CapstoneEmployeeProjectApplication[main] Started CapstoneEmployeeProjectApplication in 106.064 seconds (JVM running for 125.279)
2023-04-28 09:22:55,325 INFO o.a.c.c.C.[.[.[/][https-jsse-nio-8953-exec-6] Initializing Spring DispatcherServlet 'dispatcherServlet'
2023-04-28 09:22:55,325 INFO o.s.w.s.DispatcherServlet[https-jsse-nio-8953-exec-6] Initializing Servlet 'dispatcherServlet'
2023-04-28 09:22:55,328 INFO o.s.w.s.DispatcherServlet[https-jsse-nio-8953-exec-6] Completed initialization in 2 ms
2023-04-28 09:44:09,328 INFO o.s.b.t.c.SpringBootTestContextBootstrapper[main] Neither @ContextConfiguration nor @ContextHierarchy found for test class [com.hdfc.capstone.employee.CapstoneEmployeeProjectApplicationTests], using SpringBootContextLoader
2023-04-28 09:44:09,356 INFO o.s.t.c.s.AbstractContextLoader[main] Could not detect default resource locations for test class [com.hdfc.capstone.employee.CapstoneEmployeeProjectApplicationTests]: no resource found for suffixes {-context.xml, Context.groovy}.
2023-04-28 09:44:09,358 INFO o.s.t.c.s.AnnotationConfigContextLoaderUtils[main] Could not detect default configuration classes for test class [com.hdfc.capstone.employee.CapstoneEmployeeProjectApplicationTests]: CapstoneEmployeeProjectApplicationTests does not declare any static, non-private, non-final, nested classes annotated with @Configuration.
2023-04-28 09:44:10,553 INFO o.s.b.t.c.SpringBootTestContextBootstrapper[main] Found @SpringBootConfiguration com.hdfc.capstone.employee.CapstoneEmployeeProjectApplication for test class com.hdfc.capstone.employee.CapstoneEmployeeProjectApplicationTests
2023-04-28 09:44:11,306 INFO o.s.b.t.c.SpringBootTestContextBootstrapper[main] Loaded default TestExecutionListener class names from location [META-INF/spring.factories]: [org.springframework.boot.test.autoconfigure.restdocs.RestDocsTestExecutionListener, org.springframework.boot.test.autoconfigure.web.client.MockRestServiceServerResetTestExecutionListener, org.springframework.boot.test.autoconfigure.web.servlet.MockMvcPrintOnlyOnFailureTestExecutionListener, org.springframework.boot.test.autoconfigure.web.servlet.WebDriverTestExecutionListener, org.springframework.boot.test.autoconfigure.webservices.client.MockWebServiceServerTestExecutionListener, org.springframework.boot.test.mock.mockito.MockitoTestExecutionListener, org.springframework.boot.test.mock.mockito.ResetMocksTestExecutionListener, org.springframework.test.context.web.ServletTestExecutionListener, org.springframework.test.context.support.DirtiesContextBeforeModesTestExecutionListener, org.springframework.test.context.event.ApplicationEventsTestExecutionListener, org.springframework.test.context.support.DependencyInjectionTestExecutionListener, org.springframework.test.context.support.DirtiesContextTestExecutionListener, org.springframework.test.context.transaction.TransactionalTestExecutionListener, org.springframework.test.context.jdbc.SqlScriptsTestExecutionListener, org.springframework.test.context.event.EventPublishingTestExecutionListener]
2023-04-28 09:44:11,483 INFO o.s.b.t.c.SpringBootTestContextBootstrapper[main] Using TestExecutionListeners: [org.springframework.test.context.web.ServletTestExecutionListener@9635fa, org.springframework.test.context.support.DirtiesContextBeforeModesTestExecutionListener@53ab0286, org.springframework.test.context.event.ApplicationEventsTestExecutionListener@63c5efee, org.springframework.boot.test.mock.mockito.MockitoTestExecutionListener@2d10e0b1, org.springframework.boot.test.autoconfigure.SpringBootDependencyInjectionTestExecutionListener@1c98290c, org.springframework.test.context.support.DirtiesContextTestExecutionListener@172ca72b, org.springframework.test.context.transaction.TransactionalTestExecutionListener@5bda80bf, org.springframework.test.context.jdbc.SqlScriptsTestExecutionListener@71e5f61d, org.springframework.test.context.event.EventPublishingTestExecutionListener@2ce86164, org.springframework.boot.test.autoconfigure.restdocs.RestDocsTestExecutionListener@5e8f9e2d, org.springframework.boot.test.autoconfigure.web.client.MockRestServiceServerResetTestExecutionListener@51df223b, org.springframework.boot.test.autoconfigure.web.servlet.MockMvcPrintOnlyOnFailureTestExecutionListener@fd46303, org.springframework.boot.test.autoconfigure.web.servlet.WebDriverTestExecutionListener@60d8c0dc, org.springframework.boot.test.autoconfigure.webservices.client.MockWebServiceServerTestExecutionListener@4204541c, org.springframework.boot.test.mock.mockito.ResetMocksTestExecutionListener@6a62689d]
2023-04-28 09:44:13,514 INFO c.h.c.e.CapstoneEmployeeProjectApplicationTests[main] Starting CapstoneEmployeeProjectApplicationTests using Java 17.0.6 on DESKTOP-S9CLLNI with PID 13852 (started by HPUSER in C:\Users\HPUSER\Downloads\capstone-employee-project\capstone-employee-project)
2023-04-28 09:44:13,519 INFO c.h.c.e.CapstoneEmployeeProjectApplicationTests[main] No active profile set, falling back to 1 default profile: "default"
2023-04-28 09:44:13,787 INFO o.h.v.i.u.Version[background-preinit] HV000001: Hibernate Validator 6.2.5.Final
2023-04-28 09:44:17,706 INFO o.s.d.r.c.RepositoryConfigurationDelegate[main] Bootstrapping Spring Data JPA repositories in DEFAULT mode.
2023-04-28 09:44:17,955 INFO o.s.d.r.c.RepositoryConfigurationDelegate[main] Finished Spring Data repository scanning in 187 ms. Found 1 JPA repository interfaces.
2023-04-28 09:44:20,429 INFO o.h.j.i.u.LogHelper[main] HHH000204: Processing PersistenceUnitInfo [name: default]
2023-04-28 09:44:20,873 INFO o.h.Version[main] HHH000412: Hibernate ORM core version 5.6.15.Final
2023-04-28 09:44:21,734 INFO o.h.a.c.Version[main] HCANN000001: Hibernate Commons Annotations {5.1.2.Final}
2023-04-28 09:44:22,812 INFO c.z.h.HikariDataSource[main] HikariPool-1 - Starting...
2023-04-28 09:44:25,771 INFO c.z.h.HikariDataSource[main] HikariPool-1 - Start completed.
2023-04-28 09:44:25,969 INFO o.h.d.Dialect[main] HHH000400: Using dialect: org.hibernate.dialect.MySQL8Dialect
2023-04-28 09:44:29,806 INFO o.h.e.t.j.p.i.JtaPlatformInitiator[main] HHH000490: Using JtaPlatform implementation: [org.hibernate.engine.transaction.jta.platform.internal.NoJtaPlatform]
2023-04-28 09:44:29,835 INFO o.s.o.j.LocalContainerEntityManagerFactoryBean[main] Initialized JPA EntityManagerFactory for persistence unit 'default'
2023-04-28 09:44:33,339 WARN o.s.b.a.o.j.JpaBaseConfiguration$JpaWebConfiguration[main] spring.jpa.open-in-view is enabled by default. Therefore, database queries may be performed during view rendering. Explicitly configure spring.jpa.open-in-view to disable this warning
2023-04-28 09:44:37,297 INFO c.h.c.e.CapstoneEmployeeProjectApplicationTests[main] Started CapstoneEmployeeProjectApplicationTests in 25.532 seconds (JVM running for 36.756)
2023-04-28 09:44:39,241 INFO o.s.b.t.c.SpringBootTestContextBootstrapper[main] Neither @ContextConfiguration nor @ContextHierarchy found for test class [com.hdfc.capstone.employee.test.EmployeeTest], using SpringBootContextLoader
2023-04-28 09:44:39,244 INFO o.s.t.c.s.AbstractContextLoader[main] Could not detect default resource locations for test class [com.hdfc.capstone.employee.test.EmployeeTest]: no resource found for suffixes {-context.xml, Context.groovy}.
2023-04-28 09:44:39,246 INFO o.s.t.c.s.AnnotationConfigContextLoaderUtils[main] Could not detect default configuration classes for test class [com.hdfc.capstone.employee.test.EmployeeTest]: EmployeeTest does not declare any static, non-private, non-final, nested classes annotated with @Configuration.
2023-04-28 09:44:39,345 INFO o.s.b.t.c.SpringBootTestContextBootstrapper[main] Found @SpringBootConfiguration com.hdfc.capstone.employee.CapstoneEmployeeProjectApplication for test class com.hdfc.capstone.employee.test.EmployeeTest
2023-04-28 09:44:39,356 INFO o.s.b.t.c.SpringBootTestContextBootstrapper[main] Loaded default TestExecutionListener class names from location [META-INF/spring.factories]: [org.springframework.boot.test.autoconfigure.restdocs.RestDocsTestExecutionListener, org.springframework.boot.test.autoconfigure.web.client.MockRestServiceServerResetTestExecutionListener, org.springframework.boot.test.autoconfigure.web.servlet.MockMvcPrintOnlyOnFailureTestExecutionListener, org.springframework.boot.test.autoconfigure.web.servlet.WebDriverTestExecutionListener, org.springframework.boot.test.autoconfigure.webservices.client.MockWebServiceServerTestExecutionListener, org.springframework.boot.test.mock.mockito.MockitoTestExecutionListener, org.springframework.boot.test.mock.mockito.ResetMocksTestExecutionListener, org.springframework.test.context.web.ServletTestExecutionListener, org.springframework.test.context.support.DirtiesContextBeforeModesTestExecutionListener, org.springframework.test.context.event.ApplicationEventsTestExecutionListener, org.springframework.test.context.support.DependencyInjectionTestExecutionListener, org.springframework.test.context.support.DirtiesContextTestExecutionListener, org.springframework.test.context.transaction.TransactionalTestExecutionListener, org.springframework.test.context.jdbc.SqlScriptsTestExecutionListener, org.springframework.test.context.event.EventPublishingTestExecutionListener]
2023-04-28 09:44:39,357 INFO o.s.b.t.c.SpringBootTestContextBootstrapper[main] Using TestExecutionListeners: [org.springframework.test.context.web.ServletTestExecutionListener@520eb9f8, org.springframework.test.context.support.DirtiesContextBeforeModesTestExecutionListener@3ecc9baa, org.springframework.test.context.event.ApplicationEventsTestExecutionListener@4f2a9903, org.springframework.boot.test.mock.mockito.MockitoTestExecutionListener@294ebdae, org.springframework.boot.test.autoconfigure.SpringBootDependencyInjectionTestExecutionListener@e280006, org.springframework.test.context.support.DirtiesContextTestExecutionListener@54e3cba2, org.springframework.test.context.transaction.TransactionalTestExecutionListener@4f1aa2bc, org.springframework.test.context.jdbc.SqlScriptsTestExecutionListener@13e5c53c, org.springframework.test.context.event.EventPublishingTestExecutionListener@5d03df76, org.springframework.boot.test.autoconfigure.restdocs.RestDocsTestExecutionListener@17f7a1af, org.springframework.boot.test.autoconfigure.web.client.MockRestServiceServerResetTestExecutionListener@d62feaf, org.springframework.boot.test.autoconfigure.web.servlet.MockMvcPrintOnlyOnFailureTestExecutionListener@3093161a, org.springframework.boot.test.autoconfigure.web.servlet.WebDriverTestExecutionListener@73a88711, org.springframework.boot.test.autoconfigure.webservices.client.MockWebServiceServerTestExecutionListener@5978ba12, org.springframework.boot.test.mock.mockito.ResetMocksTestExecutionListener@43f5b014]
2023-04-28 09:44:40,001 INFO o.s.o.j.LocalContainerEntityManagerFactoryBean[SpringApplicationShutdownHook] Closing JPA EntityManagerFactory for persistence unit 'default'
2023-04-28 09:44:40,015 INFO c.z.h.HikariDataSource[SpringApplicationShutdownHook] HikariPool-1 - Shutdown initiated...
2023-04-28 09:44:40,131 INFO c.z.h.HikariDataSource[SpringApplicationShutdownHook] HikariPool-1 - Shutdown completed.
2023-04-28 11:24:12,267 INFO o.s.b.a.SpringApplicationAdminMXBeanRegistrar$SpringApplicationAdmin[RMI TCP Connection(143)-127.0.0.1] Application shutdown requested.
2023-04-28 11:24:16,851 INFO o.a.c.h.Http11NioProtocol[RMI TCP Connection(143)-127.0.0.1] Pausing ProtocolHandler ["https-jsse-nio-8953"]
2023-04-28 11:24:16,854 INFO o.a.c.c.StandardService[RMI TCP Connection(143)-127.0.0.1] Stopping service [Tomcat]
2023-04-28 11:24:17,118 INFO o.a.c.c.C.[.[.[/][RMI TCP Connection(143)-127.0.0.1] Destroying Spring FrameworkServlet 'dispatcherServlet'
2023-04-28 11:24:17,889 INFO o.a.c.h.Http11NioProtocol[RMI TCP Connection(143)-127.0.0.1] Stopping ProtocolHandler ["https-jsse-nio-8953"]
2023-04-28 11:24:18,112 INFO o.a.c.h.Http11NioProtocol[RMI TCP Connection(143)-127.0.0.1] Destroying ProtocolHandler ["https-jsse-nio-8953"]
2023-04-28 11:24:18,408 INFO o.s.o.j.LocalContainerEntityManagerFactoryBean[RMI TCP Connection(143)-127.0.0.1] Closing JPA EntityManagerFactory for persistence unit 'default'
2023-04-28 11:24:18,741 INFO c.z.h.HikariDataSource[RMI TCP Connection(143)-127.0.0.1] HikariPool-1 - Shutdown initiated...
2023-04-28 11:24:19,958 INFO c.z.h.HikariDataSource[RMI TCP Connection(143)-127.0.0.1] HikariPool-1 - Shutdown completed.
2023-04-28 11:24:25,935 INFO o.h.v.i.u.Version[background-preinit] HV000001: Hibernate Validator 6.2.5.Final
2023-04-28 11:24:26,030 INFO c.h.c.e.CapstoneEmployeeProjectApplication[main] Starting CapstoneEmployeeProjectApplication using Java 17.0.6 on DESKTOP-S9CLLNI with PID 16744 (C:\Users\HPUSER\Downloads\capstone-employee-project\capstone-employee-project\bin\main started by HPUSER in C:\Users\HPUSER\Downloads\capstone-employee-project\capstone-employee-project)
2023-04-28 11:24:26,037 INFO c.h.c.e.CapstoneEmployeeProjectApplication[main] No active profile set, falling back to 1 default profile: "default"
2023-04-28 11:24:36,140 INFO o.s.d.r.c.RepositoryConfigurationDelegate[main] Bootstrapping Spring Data JPA repositories in DEFAULT mode.
2023-04-28 11:24:36,402 INFO o.s.d.r.c.RepositoryConfigurationDelegate[main] Finished Spring Data repository scanning in 206 ms. Found 1 JPA repository interfaces.
2023-04-28 11:24:39,583 INFO o.s.b.w.e.t.TomcatWebServer[main] Tomcat initialized with port(s): 8953 (https)
2023-04-28 11:24:39,629 INFO o.a.c.h.Http11NioProtocol[main] Initializing ProtocolHandler ["https-jsse-nio-8953"]
2023-04-28 11:24:39,634 INFO o.a.c.c.StandardService[main] Starting service [Tomcat]
2023-04-28 11:24:39,635 INFO o.a.c.c.StandardEngine[main] Starting Servlet engine: [Apache Tomcat/9.0.74]
2023-04-28 11:24:40,205 INFO o.a.c.c.C.[.[.[/][main] Initializing Spring embedded WebApplicationContext
2023-04-28 11:24:40,207 INFO o.s.b.w.s.c.ServletWebServerApplicationContext[main] Root WebApplicationContext: initialization completed in 13851 ms
2023-04-28 11:24:40,778 INFO o.h.j.i.u.LogHelper[main] HHH000204: Processing PersistenceUnitInfo [name: default]
2023-04-28 11:24:41,148 INFO o.h.Version[main] HHH000412: Hibernate ORM core version 5.6.15.Final
2023-04-28 11:24:41,985 INFO o.h.a.c.Version[main] HCANN000001: Hibernate Commons Annotations {5.1.2.Final}
2023-04-28 11:24:42,494 INFO c.z.h.HikariDataSource[main] HikariPool-1 - Starting...
2023-04-28 11:24:44,937 INFO c.z.h.HikariDataSource[main] HikariPool-1 - Start completed.
2023-04-28 11:24:45,174 INFO o.h.d.Dialect[main] HHH000400: Using dialect: org.hibernate.dialect.MySQL8Dialect
2023-04-28 11:24:48,525 INFO o.h.e.t.j.p.i.JtaPlatformInitiator[main] HHH000490: Using JtaPlatform implementation: [org.hibernate.engine.transaction.jta.platform.internal.NoJtaPlatform]
2023-04-28 11:24:48,553 INFO o.s.o.j.LocalContainerEntityManagerFactoryBean[main] Initialized JPA EntityManagerFactory for persistence unit 'default'
2023-04-28 11:24:49,868 WARN o.s.b.a.o.j.JpaBaseConfiguration$JpaWebConfiguration[main] spring.jpa.open-in-view is enabled by default. Therefore, database queries may be performed during view rendering. Explicitly configure spring.jpa.open-in-view to disable this warning
2023-04-28 11:24:56,304 INFO o.a.c.h.Http11NioProtocol[main] Starting ProtocolHandler ["https-jsse-nio-8953"]
2023-04-28 11:24:57,403 INFO o.a.t.u.n.N.certificate[main] Connector [https-jsse-nio-8953], TLS virtual host [_default_], certificate type [UNDEFINED] configured from [file:/C:/Users/HPUSER/Downloads/capstone-employee-project/capstone-employee-project/bin/main/capstoneemployee.jks] using alias [capstone-https] and with trust store [null]
2023-04-28 11:24:57,580 INFO o.s.b.w.e.t.TomcatWebServer[main] Tomcat started on port(s): 8953 (https) with context path ''
2023-04-28 11:24:57,597 INFO c.h.c.e.CapstoneEmployeeProjectApplication[main] Started CapstoneEmployeeProjectApplication in 32.543 seconds (JVM running for 34.941)
2023-04-28 11:25:43,235 INFO o.a.c.c.C.[.[.[/][https-jsse-nio-8953-exec-4] Initializing Spring DispatcherServlet 'dispatcherServlet'
2023-04-28 11:25:43,236 INFO o.s.w.s.DispatcherServlet[https-jsse-nio-8953-exec-4] Initializing Servlet 'dispatcherServlet'
2023-04-28 11:25:43,238 INFO o.s.w.s.DispatcherServlet[https-jsse-nio-8953-exec-4] Completed initialization in 2 ms
2023-04-28 11:35:51,927 INFO o.s.b.a.SpringApplicationAdminMXBeanRegistrar$SpringApplicationAdmin[RMI TCP Connection(17)-127.0.0.1] Application shutdown requested.
2023-04-28 11:35:53,344 INFO o.a.c.h.Http11NioProtocol[RMI TCP Connection(17)-127.0.0.1] Pausing ProtocolHandler ["https-jsse-nio-8953"]
2023-04-28 11:35:53,347 INFO o.a.c.c.StandardService[RMI TCP Connection(17)-127.0.0.1] Stopping service [Tomcat]
2023-04-28 11:35:53,435 INFO o.a.c.c.C.[.[.[/][RMI TCP Connection(17)-127.0.0.1] Destroying Spring FrameworkServlet 'dispatcherServlet'
2023-04-28 11:35:53,632 INFO o.a.c.h.Http11NioProtocol[RMI TCP Connection(17)-127.0.0.1] Stopping ProtocolHandler ["https-jsse-nio-8953"]
2023-04-28 11:35:53,663 INFO o.a.c.h.Http11NioProtocol[RMI TCP Connection(17)-127.0.0.1] Destroying ProtocolHandler ["https-jsse-nio-8953"]
2023-04-28 11:35:53,785 INFO o.s.o.j.LocalContainerEntityManagerFactoryBean[RMI TCP Connection(17)-127.0.0.1] Closing JPA EntityManagerFactory for persistence unit 'default'
2023-04-28 11:35:53,930 INFO c.z.h.HikariDataSource[RMI TCP Connection(17)-127.0.0.1] HikariPool-1 - Shutdown initiated...
2023-04-28 11:35:54,263 INFO c.z.h.HikariDataSource[RMI TCP Connection(17)-127.0.0.1] HikariPool-1 - Shutdown completed.
